<?xml version="1.0" encoding="UTF-8"?>
<coverage generated="1749130963742" clover="3.2.0">
  <project timestamp="1749130963742" name="All files">
    <metrics statements="61" coveredstatements="50" conditionals="22" coveredconditionals="14" methods="28" coveredmethods="19" elements="111" coveredelements="83" complexity="0" loc="61" ncloc="61" packages="3" files="5" classes="5"/>
    <package name="components">
      <metrics statements="18" coveredstatements="16" conditionals="6" coveredconditionals="5" methods="10" coveredmethods="8"/>
      <file name="TodoForm.tsx" path="/Users/julesgaborit/dev/react/todo-app/frontend/src/components/TodoForm.tsx">
        <metrics statements="9" coveredstatements="9" conditionals="2" coveredconditionals="1" methods="3" coveredmethods="3"/>
        <line num="8" count="2" type="stmt"/>
        <line num="9" count="33" type="stmt"/>
        <line num="11" count="33" type="stmt"/>
        <line num="12" count="6" type="stmt"/>
        <line num="13" count="6" type="cond" truecount="1" falsecount="1"/>
        <line num="14" count="6" type="stmt"/>
        <line num="15" count="6" type="stmt"/>
        <line num="19" count="33" type="stmt"/>
        <line num="32" count="7" type="stmt"/>
      </file>
      <file name="TodoItem.tsx" path="/Users/julesgaborit/dev/react/todo-app/frontend/src/components/TodoItem.tsx">
        <metrics statements="4" coveredstatements="3" conditionals="2" coveredconditionals="2" methods="3" coveredmethods="2"/>
        <line num="11" count="3" type="stmt"/>
        <line num="12" count="10" type="stmt"/>
        <line num="18" count="2" type="stmt"/>
        <line num="28" count="0" type="stmt"/>
      </file>
      <file name="TodoList.tsx" path="/Users/julesgaborit/dev/react/todo-app/frontend/src/components/TodoList.tsx">
        <metrics statements="5" coveredstatements="4" conditionals="2" coveredconditionals="2" methods="4" coveredmethods="3"/>
        <line num="12" count="2" type="stmt"/>
        <line num="13" count="18" type="stmt"/>
        <line num="19" count="8" type="stmt"/>
        <line num="22" count="2" type="stmt"/>
        <line num="23" count="0" type="stmt"/>
      </file>
    </package>
    <package name="models">
      <metrics statements="3" coveredstatements="3" conditionals="0" coveredconditionals="0" methods="1" coveredmethods="1"/>
      <file name="RawTodoItem.tsx" path="/Users/julesgaborit/dev/react/todo-app/frontend/src/models/RawTodoItem.tsx">
        <metrics statements="3" coveredstatements="3" conditionals="0" coveredconditionals="0" methods="1" coveredmethods="1"/>
        <line num="4" count="9" type="stmt"/>
        <line num="7" count="9" type="stmt"/>
        <line num="8" count="9" type="stmt"/>
      </file>
    </package>
    <package name="pages">
      <metrics statements="40" coveredstatements="31" conditionals="16" coveredconditionals="9" methods="17" coveredmethods="10"/>
      <file name="HomePage.tsx" path="/Users/julesgaborit/dev/react/todo-app/frontend/src/pages/HomePage.tsx">
        <metrics statements="40" coveredstatements="31" conditionals="16" coveredconditionals="9" methods="17" coveredmethods="10"/>
        <line num="7" count="1" type="stmt"/>
        <line num="8" count="16" type="stmt"/>
        <line num="9" count="16" type="stmt"/>
        <line num="11" count="16" type="stmt"/>
        <line num="12" count="4" type="stmt"/>
        <line num="21" count="3" type="cond" truecount="2" falsecount="0"/>
        <line num="22" count="2" type="stmt"/>
        <line num="24" count="1" type="stmt"/>
        <line num="25" count="1" type="stmt"/>
        <line num="26" count="1" type="stmt"/>
        <line num="28" count="3" type="stmt"/>
        <line num="32" count="16" type="stmt"/>
        <line num="33" count="8" type="stmt"/>
        <line num="34" count="8" type="stmt"/>
        <line num="35" count="8" type="stmt"/>
        <line num="42" count="7" type="cond" truecount="1" falsecount="1"/>
        <line num="43" count="0" type="stmt"/>
        <line num="46" count="6" type="stmt"/>
        <line num="48" count="6" type="stmt"/>
        <line num="49" count="3" type="stmt"/>
        <line num="52" count="6" type="stmt"/>
        <line num="54" count="2" type="stmt"/>
        <line num="58" count="8" type="stmt"/>
        <line num="61" count="16" type="stmt"/>
        <line num="62" count="2" type="stmt"/>
        <line num="63" count="2" type="cond" truecount="1" falsecount="1"/>
        <line num="67" count="16" type="stmt"/>
        <line num="68" count="0" type="stmt"/>
        <line num="69" count="0" type="stmt"/>
        <line num="74" count="0" type="stmt"/>
        <line num="75" count="0" type="stmt"/>
        <line num="78" count="0" type="stmt"/>
        <line num="82" count="16" type="stmt"/>
        <line num="83" count="5" type="cond" truecount="1" falsecount="1"/>
        <line num="84" count="5" type="cond" truecount="1" falsecount="1"/>
        <line num="85" count="5" type="stmt"/>
        <line num="89" count="16" type="stmt"/>
        <line num="98" count="0" type="stmt"/>
        <line num="105" count="0" type="stmt"/>
        <line num="112" count="0" type="stmt"/>
      </file>
    </package>
  </project>
</coverage>
