{"D:\\Projet En Cours\\todo-app\\frontend\\src\\App.tsx": {"path":"D:\\Projet En Cours\\todo-app\\frontend\\src\\App.tsx","statementMap":{"0":{"start":{"line":5,"column":2},"end":{"line":11,"column":4}}},"fnMap":{"0":{"name":"App","decl":{"start":{"line":4,"column":9},"end":{"line":4,"column":12}},"loc":{"start":{"line":4,"column":15},"end":{"line":12,"column":1}},"line":4}},"branchMap":{"0":{"loc":{"start":{"line":6,"column":29},"end":{"line":6,"column":85}},"type":"cond-expr","locations":[{"start":{"line":6,"column":69},"end":{"line":6,"column":80}},{"start":{"line":6,"column":83},"end":{"line":6,"column":85}}],"line":6}},"s":{"0":0},"f":{"0":0},"b":{"0":[0,0]}}
,"D:\\Projet En Cours\\todo-app\\frontend\\src\\index.tsx": {"path":"D:\\Projet En Cours\\todo-app\\frontend\\src\\index.tsx","statementMap":{"0":{"start":{"line":8,"column":13},"end":{"line":10,"column":1}},"1":{"start":{"line":11,"column":0},"end":{"line":15,"column":2}},"2":{"start":{"line":20,"column":0},"end":{"line":20,"column":18}}},"fnMap":{},"branchMap":{},"s":{"0":0,"1":0,"2":0},"f":{},"b":{}}
,"D:\\Projet En Cours\\todo-app\\frontend\\src\\reportWebVitals.ts": {"path":"D:\\Projet En Cours\\todo-app\\frontend\\src\\reportWebVitals.ts","statementMap":{"0":{"start":{"line":3,"column":24},"end":{"line":13,"column":1}},"1":{"start":{"line":4,"column":2},"end":{"line":12,"column":3}},"2":{"start":{"line":5,"column":4},"end":{"line":11,"column":7}},"3":{"start":{"line":6,"column":6},"end":{"line":6,"column":26}},"4":{"start":{"line":7,"column":6},"end":{"line":7,"column":26}},"5":{"start":{"line":8,"column":6},"end":{"line":8,"column":26}},"6":{"start":{"line":9,"column":6},"end":{"line":9,"column":26}},"7":{"start":{"line":10,"column":6},"end":{"line":10,"column":27}}},"fnMap":{"0":{"name":"(anonymous_0)","decl":{"start":{"line":3,"column":24},"end":{"line":3,"column":25}},"loc":{"start":{"line":3,"column":57},"end":{"line":13,"column":1}},"line":3},"1":{"name":"(anonymous_1)","decl":{"start":{"line":5,"column":30},"end":{"line":5,"column":31}},"loc":{"start":{"line":5,"column":79},"end":{"line":11,"column":5}},"line":5}},"branchMap":{"0":{"loc":{"start":{"line":4,"column":2},"end":{"line":12,"column":3}},"type":"if","locations":[{"start":{"line":4,"column":2},"end":{"line":12,"column":3}},{"start":{},"end":{}}],"line":4},"1":{"loc":{"start":{"line":4,"column":6},"end":{"line":4,"column":52}},"type":"binary-expr","locations":[{"start":{"line":4,"column":6},"end":{"line":4,"column":17}},{"start":{"line":4,"column":21},"end":{"line":4,"column":52}}],"line":4}},"s":{"0":0,"1":0,"2":0,"3":0,"4":0,"5":0,"6":0,"7":0},"f":{"0":0,"1":0},"b":{"0":[0,0],"1":[0,0]}}
,"D:\\Projet En Cours\\todo-app\\frontend\\src\\components\\TodoForm.tsx": {"path":"D:\\Projet En Cours\\todo-app\\frontend\\src\\components\\TodoForm.tsx","statementMap":{"0":{"start":{"line":8,"column":17},"end":{"line":51,"column":1}},"1":{"start":{"line":9,"column":28},"end":{"line":9,"column":40}},"2":{"start":{"line":11,"column":23},"end":{"line":17,"column":3}},"3":{"start":{"line":12,"column":4},"end":{"line":12,"column":23}},"4":{"start":{"line":13,"column":4},"end":{"line":16,"column":5}},"5":{"start":{"line":14,"column":6},"end":{"line":14,"column":30}},"6":{"start":{"line":15,"column":6},"end":{"line":15,"column":19}},"7":{"start":{"line":19,"column":2},"end":{"line":50,"column":4}},"8":{"start":{"line":32,"column":29},"end":{"line":32,"column":53}}},"fnMap":{"0":{"name":"(anonymous_0)","decl":{"start":{"line":8,"column":17},"end":{"line":8,"column":18}},"loc":{"start":{"line":8,"column":43},"end":{"line":51,"column":1}},"line":8},"1":{"name":"(anonymous_1)","decl":{"start":{"line":11,"column":23},"end":{"line":11,"column":24}},"loc":{"start":{"line":11,"column":47},"end":{"line":17,"column":3}},"line":11},"2":{"name":"(anonymous_2)","decl":{"start":{"line":32,"column":22},"end":{"line":32,"column":23}},"loc":{"start":{"line":32,"column":29},"end":{"line":32,"column":53}},"line":32}},"branchMap":{"0":{"loc":{"start":{"line":13,"column":4},"end":{"line":16,"column":5}},"type":"if","locations":[{"start":{"line":13,"column":4},"end":{"line":16,"column":5}},{"start":{},"end":{}}],"line":13}},"s":{"0":2,"1":13,"2":13,"3":3,"4":3,"5":3,"6":3,"7":13,"8":4},"f":{"0":13,"1":3,"2":4},"b":{"0":[3,0]},"_coverageSchema":"1a1c01bbd47fc00a2c39e90264f33305004495a9","hash":"0eca3d7e6eb653cdd94379ab38060263ae6737fc"}
,"D:\\Projet En Cours\\todo-app\\frontend\\src\\components\\TodoItem.tsx": {"path":"D:\\Projet En Cours\\todo-app\\frontend\\src\\components\\TodoItem.tsx","statementMap":{"0":{"start":{"line":11,"column":17},"end":{"line":34,"column":1}},"1":{"start":{"line":12,"column":2},"end":{"line":33,"column":4}},"2":{"start":{"line":18,"column":24},"end":{"line":18,"column":41}},"3":{"start":{"line":28,"column":23},"end":{"line":28,"column":40}}},"fnMap":{"0":{"name":"(anonymous_0)","decl":{"start":{"line":11,"column":17},"end":{"line":11,"column":18}},"loc":{"start":{"line":11,"column":58},"end":{"line":34,"column":1}},"line":11},"1":{"name":"(anonymous_1)","decl":{"start":{"line":18,"column":18},"end":{"line":18,"column":19}},"loc":{"start":{"line":18,"column":24},"end":{"line":18,"column":41}},"line":18},"2":{"name":"(anonymous_2)","decl":{"start":{"line":28,"column":17},"end":{"line":28,"column":18}},"loc":{"start":{"line":28,"column":23},"end":{"line":28,"column":40}},"line":28}},"branchMap":{"0":{"loc":{"start":{"line":21,"column":41},"end":{"line":21,"column":79}},"type":"cond-expr","locations":[{"start":{"line":21,"column":58},"end":{"line":21,"column":74}},{"start":{"line":21,"column":77},"end":{"line":21,"column":79}}],"line":21}},"s":{"0":3,"1":5,"2":0,"3":0},"f":{"0":5,"1":0,"2":0},"b":{"0":[0,5]},"_coverageSchema":"1a1c01bbd47fc00a2c39e90264f33305004495a9","hash":"d9a646608851764ed8dcfce4b9e449f089bb9edd"}
,"D:\\Projet En Cours\\todo-app\\frontend\\src\\components\\TodoList.tsx": {"path":"D:\\Projet En Cours\\todo-app\\frontend\\src\\components\\TodoList.tsx","statementMap":{"0":{"start":{"line":12,"column":17},"end":{"line":29,"column":1}},"1":{"start":{"line":13,"column":2},"end":{"line":28,"column":4}},"2":{"start":{"line":19,"column":10},"end":{"line":24,"column":12}},"3":{"start":{"line":22,"column":28},"end":{"line":22,"column":49}},"4":{"start":{"line":23,"column":28},"end":{"line":23,"column":49}}},"fnMap":{"0":{"name":"(anonymous_0)","decl":{"start":{"line":12,"column":17},"end":{"line":12,"column":18}},"loc":{"start":{"line":12,"column":67},"end":{"line":29,"column":1}},"line":12},"1":{"name":"(anonymous_1)","decl":{"start":{"line":18,"column":18},"end":{"line":18,"column":19}},"loc":{"start":{"line":19,"column":10},"end":{"line":24,"column":12}},"line":19},"2":{"name":"(anonymous_2)","decl":{"start":{"line":22,"column":22},"end":{"line":22,"column":23}},"loc":{"start":{"line":22,"column":28},"end":{"line":22,"column":49}},"line":22},"3":{"name":"(anonymous_3)","decl":{"start":{"line":23,"column":22},"end":{"line":23,"column":23}},"loc":{"start":{"line":23,"column":28},"end":{"line":23,"column":49}},"line":23}},"branchMap":{"0":{"loc":{"start":{"line":15,"column":7},"end":{"line":26,"column":7}},"type":"cond-expr","locations":[{"start":{"line":16,"column":8},"end":{"line":16,"column":64}},{"start":{"line":18,"column":8},"end":{"line":25,"column":10}}],"line":15}},"s":{"0":2,"1":4,"2":3,"3":0,"4":0},"f":{"0":4,"1":3,"2":0,"3":0},"b":{"0":[3,1]},"_coverageSchema":"1a1c01bbd47fc00a2c39e90264f33305004495a9","hash":"1c08ea0887428028a980a9a1831935d15b267c2f"}
,"D:\\Projet En Cours\\todo-app\\frontend\\src\\models\\RawTodoItem.tsx": {"path":"D:\\Projet En Cours\\todo-app\\frontend\\src\\models\\RawTodoItem.tsx","statementMap":{"0":{"start":{"line":4,"column":23},"end":{"line":4,"column":28}},"1":{"start":{"line":7,"column":4},"end":{"line":7,"column":17}},"2":{"start":{"line":8,"column":4},"end":{"line":8,"column":23}}},"fnMap":{"0":{"name":"(anonymous_0)","decl":{"start":{"line":6,"column":2},"end":{"line":6,"column":3}},"loc":{"start":{"line":6,"column":41},"end":{"line":9,"column":3}},"line":6}},"branchMap":{},"s":{"0":5,"1":5,"2":5},"f":{"0":5},"b":{},"_coverageSchema":"1a1c01bbd47fc00a2c39e90264f33305004495a9","hash":"e39236db2b984b8c0c4049733ae6a6f51972e9cf"}
,"D:\\Projet En Cours\\todo-app\\frontend\\src\\pages\\HomePage.tsx": {"path":"D:\\Projet En Cours\\todo-app\\frontend\\src\\pages\\HomePage.tsx","statementMap":{"0":{"start":{"line":7,"column":17},"end":{"line":125,"column":1}},"1":{"start":{"line":8,"column":27},"end":{"line":8,"column":54}},"2":{"start":{"line":9,"column":30},"end":{"line":9,"column":77}},"3":{"start":{"line":11,"column":24},"end":{"line":30,"column":3}},"4":{"start":{"line":12,"column":4},"end":{"line":29,"column":7}},"5":{"start":{"line":21,"column":6},"end":{"line":23,"column":7}},"6":{"start":{"line":22,"column":8},"end":{"line":22,"column":66}},"7":{"start":{"line":24,"column":20},"end":{"line":24,"column":49}},"8":{"start":{"line":25,"column":22},"end":{"line":25,"column":51}},"9":{"start":{"line":26,"column":6},"end":{"line":26,"column":36}},"10":{"start":{"line":28,"column":6},"end":{"line":28,"column":63}},"11":{"start":{"line":32,"column":2},"end":{"line":59,"column":7}},"12":{"start":{"line":33,"column":23},"end":{"line":56,"column":5}},"13":{"start":{"line":34,"column":6},"end":{"line":55,"column":7}},"14":{"start":{"line":35,"column":25},"end":{"line":40,"column":10}},"15":{"start":{"line":42,"column":8},"end":{"line":44,"column":9}},"16":{"start":{"line":43,"column":10},"end":{"line":43,"column":68}},"17":{"start":{"line":46,"column":21},"end":{"line":46,"column":42}},"18":{"start":{"line":48,"column":26},"end":{"line":50,"column":9}},"19":{"start":{"line":49,"column":51},"end":{"line":49,"column":87}},"20":{"start":{"line":52,"column":8},"end":{"line":52,"column":28}},"21":{"start":{"line":54,"column":8},"end":{"line":54,"column":70}},"22":{"start":{"line":58,"column":4},"end":{"line":58,"column":17}},"23":{"start":{"line":61,"column":27},"end":{"line":65,"column":3}},"24":{"start":{"line":62,"column":4},"end":{"line":64,"column":7}},"25":{"start":{"line":63,"column":6},"end":{"line":63,"column":69}},"26":{"start":{"line":67,"column":27},"end":{"line":80,"column":3}},"27":{"start":{"line":68,"column":4},"end":{"line":79,"column":7}},"28":{"start":{"line":69,"column":8},"end":{"line":76,"column":11}},"29":{"start":{"line":74,"column":22},"end":{"line":74,"column":68}},"30":{"start":{"line":74,"column":52},"end":{"line":74,"column":66}},"31":{"start":{"line":75,"column":10},"end":{"line":75,"column":74}},"32":{"start":{"line":78,"column":8},"end":{"line":78,"column":70}},"33":{"start":{"line":82,"column":24},"end":{"line":86,"column":4}},"34":{"start":{"line":83,"column":4},"end":{"line":83,"column":52}},"35":{"start":{"line":83,"column":29},"end":{"line":83,"column":52}},"36":{"start":{"line":84,"column":4},"end":{"line":84,"column":54}},"37":{"start":{"line":84,"column":32},"end":{"line":84,"column":54}},"38":{"start":{"line":85,"column":4},"end":{"line":85,"column":16}},"39":{"start":{"line":89,"column":2},"end":{"line":124,"column":4}},"40":{"start":{"line":98,"column":25},"end":{"line":98,"column":41}},"41":{"start":{"line":105,"column":25},"end":{"line":105,"column":44}},"42":{"start":{"line":112,"column":25},"end":{"line":112,"column":47}}},"fnMap":{"0":{"name":"(anonymous_0)","decl":{"start":{"line":7,"column":17},"end":{"line":7,"column":18}},"loc":{"start":{"line":7,"column":23},"end":{"line":125,"column":1}},"line":7},"1":{"name":"(anonymous_1)","decl":{"start":{"line":11,"column":24},"end":{"line":11,"column":25}},"loc":{"start":{"line":11,"column":43},"end":{"line":30,"column":3}},"line":11},"2":{"name":"(anonymous_2)","decl":{"start":{"line":20,"column":12},"end":{"line":20,"column":13}},"loc":{"start":{"line":20,"column":26},"end":{"line":27,"column":5}},"line":20},"3":{"name":"(anonymous_3)","decl":{"start":{"line":27,"column":13},"end":{"line":27,"column":14}},"loc":{"start":{"line":27,"column":24},"end":{"line":29,"column":5}},"line":27},"4":{"name":"(anonymous_4)","decl":{"start":{"line":32,"column":12},"end":{"line":32,"column":13}},"loc":{"start":{"line":32,"column":16},"end":{"line":59,"column":3}},"line":32},"5":{"name":"(anonymous_5)","decl":{"start":{"line":33,"column":23},"end":{"line":33,"column":24}},"loc":{"start":{"line":33,"column":35},"end":{"line":56,"column":5}},"line":33},"6":{"name":"(anonymous_6)","decl":{"start":{"line":49,"column":10},"end":{"line":49,"column":11}},"loc":{"start":{"line":49,"column":51},"end":{"line":49,"column":87}},"line":49},"7":{"name":"(anonymous_7)","decl":{"start":{"line":61,"column":27},"end":{"line":61,"column":28}},"loc":{"start":{"line":61,"column":43},"end":{"line":65,"column":3}},"line":61},"8":{"name":"(anonymous_8)","decl":{"start":{"line":62,"column":23},"end":{"line":62,"column":24}},"loc":{"start":{"line":63,"column":6},"end":{"line":63,"column":69}},"line":63},"9":{"name":"(anonymous_9)","decl":{"start":{"line":67,"column":27},"end":{"line":67,"column":28}},"loc":{"start":{"line":67,"column":49},"end":{"line":80,"column":3}},"line":67},"10":{"name":"(anonymous_10)","decl":{"start":{"line":74,"column":16},"end":{"line":74,"column":17}},"loc":{"start":{"line":74,"column":22},"end":{"line":74,"column":68}},"line":74},"11":{"name":"(anonymous_11)","decl":{"start":{"line":74,"column":44},"end":{"line":74,"column":45}},"loc":{"start":{"line":74,"column":52},"end":{"line":74,"column":66}},"line":74},"12":{"name":"(anonymous_12)","decl":{"start":{"line":74,"column":76},"end":{"line":74,"column":77}},"loc":{"start":{"line":74,"column":87},"end":{"line":76,"column":9}},"line":74},"13":{"name":"(anonymous_13)","decl":{"start":{"line":82,"column":37},"end":{"line":82,"column":38}},"loc":{"start":{"line":82,"column":45},"end":{"line":86,"column":3}},"line":82},"14":{"name":"(anonymous_14)","decl":{"start":{"line":98,"column":19},"end":{"line":98,"column":20}},"loc":{"start":{"line":98,"column":25},"end":{"line":98,"column":41}},"line":98},"15":{"name":"(anonymous_15)","decl":{"start":{"line":105,"column":19},"end":{"line":105,"column":20}},"loc":{"start":{"line":105,"column":25},"end":{"line":105,"column":44}},"line":105},"16":{"name":"(anonymous_16)","decl":{"start":{"line":112,"column":19},"end":{"line":112,"column":20}},"loc":{"start":{"line":112,"column":25},"end":{"line":112,"column":47}},"line":112}},"branchMap":{"0":{"loc":{"start":{"line":21,"column":6},"end":{"line":23,"column":7}},"type":"if","locations":[{"start":{"line":21,"column":6},"end":{"line":23,"column":7}},{"start":{},"end":{}}],"line":21},"1":{"loc":{"start":{"line":42,"column":8},"end":{"line":44,"column":9}},"type":"if","locations":[{"start":{"line":42,"column":8},"end":{"line":44,"column":9}},{"start":{},"end":{}}],"line":42},"2":{"loc":{"start":{"line":63,"column":6},"end":{"line":63,"column":69}},"type":"cond-expr","locations":[{"start":{"line":63,"column":23},"end":{"line":63,"column":62}},{"start":{"line":63,"column":65},"end":{"line":63,"column":69}}],"line":63},"3":{"loc":{"start":{"line":83,"column":4},"end":{"line":83,"column":52}},"type":"if","locations":[{"start":{"line":83,"column":4},"end":{"line":83,"column":52}},{"start":{},"end":{}}],"line":83},"4":{"loc":{"start":{"line":84,"column":4},"end":{"line":84,"column":54}},"type":"if","locations":[{"start":{"line":84,"column":4},"end":{"line":84,"column":54}},{"start":{},"end":{}}],"line":84},"5":{"loc":{"start":{"line":97,"column":21},"end":{"line":97,"column":64}},"type":"cond-expr","locations":[{"start":{"line":97,"column":40},"end":{"line":97,"column":59}},{"start":{"line":97,"column":62},"end":{"line":97,"column":64}}],"line":97},"6":{"loc":{"start":{"line":104,"column":21},"end":{"line":104,"column":67}},"type":"cond-expr","locations":[{"start":{"line":104,"column":43},"end":{"line":104,"column":62}},{"start":{"line":104,"column":65},"end":{"line":104,"column":67}}],"line":104},"7":{"loc":{"start":{"line":111,"column":21},"end":{"line":111,"column":70}},"type":"cond-expr","locations":[{"start":{"line":111,"column":46},"end":{"line":111,"column":65}},{"start":{"line":111,"column":68},"end":{"line":111,"column":70}}],"line":111}},"s":{"0":1,"1":2,"2":2,"3":2,"4":1,"5":1,"6":1,"7":0,"8":0,"9":0,"10":1,"11":2,"12":1,"13":1,"14":1,"15":1,"16":0,"17":1,"18":1,"19":0,"20":1,"21":0,"22":1,"23":2,"24":0,"25":0,"26":2,"27":0,"28":0,"29":0,"30":0,"31":0,"32":0,"33":2,"34":0,"35":0,"36":0,"37":0,"38":0,"39":2,"40":0,"41":0,"42":0},"f":{"0":2,"1":1,"2":1,"3":1,"4":1,"5":1,"6":0,"7":0,"8":0,"9":0,"10":0,"11":0,"12":0,"13":0,"14":0,"15":0,"16":0},"b":{"0":[1,0],"1":[0,1],"2":[0,0],"3":[0,0],"4":[0,0],"5":[2,0],"6":[0,2],"7":[0,2]},"_coverageSchema":"1a1c01bbd47fc00a2c39e90264f33305004495a9","hash":"d2bc4ccf36b88f767c060625c8b6702b3df13fdf"}
}
