{"/Users/julesgaborit/dev/react/todo-app/frontend/src/components/TodoForm.tsx": {"path":"/Users/julesgaborit/dev/react/todo-app/frontend/src/components/TodoForm.tsx","statementMap":{"0":{"start":{"line":8,"column":17},"end":{"line":51,"column":1}},"1":{"start":{"line":9,"column":28},"end":{"line":9,"column":40}},"2":{"start":{"line":11,"column":23},"end":{"line":17,"column":3}},"3":{"start":{"line":12,"column":4},"end":{"line":12,"column":23}},"4":{"start":{"line":13,"column":4},"end":{"line":16,"column":5}},"5":{"start":{"line":14,"column":6},"end":{"line":14,"column":30}},"6":{"start":{"line":15,"column":6},"end":{"line":15,"column":19}},"7":{"start":{"line":19,"column":2},"end":{"line":50,"column":4}},"8":{"start":{"line":32,"column":29},"end":{"line":32,"column":53}}},"fnMap":{"0":{"name":"(anonymous_0)","decl":{"start":{"line":8,"column":17},"end":{"line":8,"column":18}},"loc":{"start":{"line":8,"column":43},"end":{"line":51,"column":1}},"line":8},"1":{"name":"(anonymous_1)","decl":{"start":{"line":11,"column":23},"end":{"line":11,"column":24}},"loc":{"start":{"line":11,"column":47},"end":{"line":17,"column":3}},"line":11},"2":{"name":"(anonymous_2)","decl":{"start":{"line":32,"column":22},"end":{"line":32,"column":23}},"loc":{"start":{"line":32,"column":29},"end":{"line":32,"column":53}},"line":32}},"branchMap":{"0":{"loc":{"start":{"line":13,"column":4},"end":{"line":16,"column":5}},"type":"if","locations":[{"start":{"line":13,"column":4},"end":{"line":16,"column":5}},{"start":{},"end":{}}],"line":13}},"s":{"0":2,"1":33,"2":33,"3":6,"4":6,"5":6,"6":6,"7":33,"8":7},"f":{"0":33,"1":6,"2":7},"b":{"0":[6,0]},"_coverageSchema":"1a1c01bbd47fc00a2c39e90264f33305004495a9","hash":"4850156f250e5877e6c25f4d08de5ffb3c92503d"}
,"/Users/julesgaborit/dev/react/todo-app/frontend/src/components/TodoItem.tsx": {"path":"/Users/julesgaborit/dev/react/todo-app/frontend/src/components/TodoItem.tsx","statementMap":{"0":{"start":{"line":11,"column":17},"end":{"line":34,"column":1}},"1":{"start":{"line":12,"column":2},"end":{"line":33,"column":4}},"2":{"start":{"line":18,"column":24},"end":{"line":18,"column":41}},"3":{"start":{"line":28,"column":23},"end":{"line":28,"column":40}}},"fnMap":{"0":{"name":"(anonymous_0)","decl":{"start":{"line":11,"column":17},"end":{"line":11,"column":18}},"loc":{"start":{"line":11,"column":58},"end":{"line":34,"column":1}},"line":11},"1":{"name":"(anonymous_1)","decl":{"start":{"line":18,"column":18},"end":{"line":18,"column":19}},"loc":{"start":{"line":18,"column":24},"end":{"line":18,"column":41}},"line":18},"2":{"name":"(anonymous_2)","decl":{"start":{"line":28,"column":17},"end":{"line":28,"column":18}},"loc":{"start":{"line":28,"column":23},"end":{"line":28,"column":40}},"line":28}},"branchMap":{"0":{"loc":{"start":{"line":21,"column":41},"end":{"line":21,"column":79}},"type":"cond-expr","locations":[{"start":{"line":21,"column":58},"end":{"line":21,"column":74}},{"start":{"line":21,"column":77},"end":{"line":21,"column":79}}],"line":21}},"s":{"0":3,"1":10,"2":2,"3":0},"f":{"0":10,"1":2,"2":0},"b":{"0":[1,9]},"_coverageSchema":"1a1c01bbd47fc00a2c39e90264f33305004495a9","hash":"b5d7dd5240b4dee21d15345565999b13c8de9187"}
,"/Users/julesgaborit/dev/react/todo-app/frontend/src/components/TodoList.tsx": {"path":"/Users/julesgaborit/dev/react/todo-app/frontend/src/components/TodoList.tsx","statementMap":{"0":{"start":{"line":12,"column":17},"end":{"line":29,"column":1}},"1":{"start":{"line":13,"column":2},"end":{"line":28,"column":4}},"2":{"start":{"line":19,"column":10},"end":{"line":24,"column":12}},"3":{"start":{"line":22,"column":28},"end":{"line":22,"column":49}},"4":{"start":{"line":23,"column":28},"end":{"line":23,"column":49}}},"fnMap":{"0":{"name":"(anonymous_0)","decl":{"start":{"line":12,"column":17},"end":{"line":12,"column":18}},"loc":{"start":{"line":12,"column":67},"end":{"line":29,"column":1}},"line":12},"1":{"name":"(anonymous_1)","decl":{"start":{"line":18,"column":18},"end":{"line":18,"column":19}},"loc":{"start":{"line":19,"column":10},"end":{"line":24,"column":12}},"line":19},"2":{"name":"(anonymous_2)","decl":{"start":{"line":22,"column":22},"end":{"line":22,"column":23}},"loc":{"start":{"line":22,"column":28},"end":{"line":22,"column":49}},"line":22},"3":{"name":"(anonymous_3)","decl":{"start":{"line":23,"column":22},"end":{"line":23,"column":23}},"loc":{"start":{"line":23,"column":28},"end":{"line":23,"column":49}},"line":23}},"branchMap":{"0":{"loc":{"start":{"line":15,"column":7},"end":{"line":26,"column":7}},"type":"cond-expr","locations":[{"start":{"line":16,"column":8},"end":{"line":16,"column":64}},{"start":{"line":18,"column":8},"end":{"line":25,"column":10}}],"line":15}},"s":{"0":2,"1":18,"2":8,"3":2,"4":0},"f":{"0":18,"1":8,"2":2,"3":0},"b":{"0":[13,5]},"_coverageSchema":"1a1c01bbd47fc00a2c39e90264f33305004495a9","hash":"3f15b80063d69192ac8aefbe254a9dc71107b1d9"}
,"/Users/julesgaborit/dev/react/todo-app/frontend/src/models/RawTodoItem.tsx": {"path":"/Users/julesgaborit/dev/react/todo-app/frontend/src/models/RawTodoItem.tsx","statementMap":{"0":{"start":{"line":4,"column":23},"end":{"line":4,"column":28}},"1":{"start":{"line":7,"column":4},"end":{"line":7,"column":17}},"2":{"start":{"line":8,"column":4},"end":{"line":8,"column":23}}},"fnMap":{"0":{"name":"(anonymous_0)","decl":{"start":{"line":6,"column":2},"end":{"line":6,"column":3}},"loc":{"start":{"line":6,"column":41},"end":{"line":9,"column":3}},"line":6}},"branchMap":{},"s":{"0":9,"1":9,"2":9},"f":{"0":9},"b":{},"_coverageSchema":"1a1c01bbd47fc00a2c39e90264f33305004495a9","hash":"af9a7353dc5be5e0b1bb2a31450d3537b1704fb4"}
,"/Users/julesgaborit/dev/react/todo-app/frontend/src/pages/HomePage.tsx": {"path":"/Users/julesgaborit/dev/react/todo-app/frontend/src/pages/HomePage.tsx","statementMap":{"0":{"start":{"line":7,"column":17},"end":{"line":125,"column":1}},"1":{"start":{"line":8,"column":27},"end":{"line":8,"column":54}},"2":{"start":{"line":9,"column":30},"end":{"line":9,"column":77}},"3":{"start":{"line":11,"column":24},"end":{"line":30,"column":3}},"4":{"start":{"line":12,"column":4},"end":{"line":29,"column":7}},"5":{"start":{"line":21,"column":6},"end":{"line":23,"column":7}},"6":{"start":{"line":22,"column":8},"end":{"line":22,"column":66}},"7":{"start":{"line":24,"column":20},"end":{"line":24,"column":49}},"8":{"start":{"line":25,"column":22},"end":{"line":25,"column":51}},"9":{"start":{"line":26,"column":6},"end":{"line":26,"column":36}},"10":{"start":{"line":28,"column":6},"end":{"line":28,"column":63}},"11":{"start":{"line":32,"column":2},"end":{"line":59,"column":7}},"12":{"start":{"line":33,"column":23},"end":{"line":56,"column":5}},"13":{"start":{"line":34,"column":6},"end":{"line":55,"column":7}},"14":{"start":{"line":35,"column":25},"end":{"line":40,"column":10}},"15":{"start":{"line":42,"column":8},"end":{"line":44,"column":9}},"16":{"start":{"line":43,"column":10},"end":{"line":43,"column":68}},"17":{"start":{"line":46,"column":21},"end":{"line":46,"column":42}},"18":{"start":{"line":48,"column":26},"end":{"line":50,"column":9}},"19":{"start":{"line":49,"column":51},"end":{"line":49,"column":87}},"20":{"start":{"line":52,"column":8},"end":{"line":52,"column":28}},"21":{"start":{"line":54,"column":8},"end":{"line":54,"column":70}},"22":{"start":{"line":58,"column":4},"end":{"line":58,"column":17}},"23":{"start":{"line":61,"column":27},"end":{"line":65,"column":3}},"24":{"start":{"line":62,"column":4},"end":{"line":64,"column":7}},"25":{"start":{"line":63,"column":6},"end":{"line":63,"column":69}},"26":{"start":{"line":67,"column":27},"end":{"line":80,"column":3}},"27":{"start":{"line":68,"column":4},"end":{"line":79,"column":7}},"28":{"start":{"line":69,"column":8},"end":{"line":76,"column":11}},"29":{"start":{"line":74,"column":22},"end":{"line":74,"column":68}},"30":{"start":{"line":74,"column":52},"end":{"line":74,"column":66}},"31":{"start":{"line":75,"column":10},"end":{"line":75,"column":74}},"32":{"start":{"line":78,"column":8},"end":{"line":78,"column":70}},"33":{"start":{"line":82,"column":24},"end":{"line":86,"column":4}},"34":{"start":{"line":83,"column":4},"end":{"line":83,"column":52}},"35":{"start":{"line":83,"column":29},"end":{"line":83,"column":52}},"36":{"start":{"line":84,"column":4},"end":{"line":84,"column":54}},"37":{"start":{"line":84,"column":32},"end":{"line":84,"column":54}},"38":{"start":{"line":85,"column":4},"end":{"line":85,"column":16}},"39":{"start":{"line":89,"column":2},"end":{"line":124,"column":4}},"40":{"start":{"line":98,"column":25},"end":{"line":98,"column":41}},"41":{"start":{"line":105,"column":25},"end":{"line":105,"column":44}},"42":{"start":{"line":112,"column":25},"end":{"line":112,"column":47}}},"fnMap":{"0":{"name":"(anonymous_0)","decl":{"start":{"line":7,"column":17},"end":{"line":7,"column":18}},"loc":{"start":{"line":7,"column":23},"end":{"line":125,"column":1}},"line":7},"1":{"name":"(anonymous_1)","decl":{"start":{"line":11,"column":24},"end":{"line":11,"column":25}},"loc":{"start":{"line":11,"column":43},"end":{"line":30,"column":3}},"line":11},"2":{"name":"(anonymous_2)","decl":{"start":{"line":20,"column":12},"end":{"line":20,"column":13}},"loc":{"start":{"line":20,"column":26},"end":{"line":27,"column":5}},"line":20},"3":{"name":"(anonymous_3)","decl":{"start":{"line":27,"column":13},"end":{"line":27,"column":14}},"loc":{"start":{"line":27,"column":24},"end":{"line":29,"column":5}},"line":27},"4":{"name":"(anonymous_4)","decl":{"start":{"line":32,"column":12},"end":{"line":32,"column":13}},"loc":{"start":{"line":32,"column":16},"end":{"line":59,"column":3}},"line":32},"5":{"name":"(anonymous_5)","decl":{"start":{"line":33,"column":23},"end":{"line":33,"column":24}},"loc":{"start":{"line":33,"column":35},"end":{"line":56,"column":5}},"line":33},"6":{"name":"(anonymous_6)","decl":{"start":{"line":49,"column":10},"end":{"line":49,"column":11}},"loc":{"start":{"line":49,"column":51},"end":{"line":49,"column":87}},"line":49},"7":{"name":"(anonymous_7)","decl":{"start":{"line":61,"column":27},"end":{"line":61,"column":28}},"loc":{"start":{"line":61,"column":43},"end":{"line":65,"column":3}},"line":61},"8":{"name":"(anonymous_8)","decl":{"start":{"line":62,"column":23},"end":{"line":62,"column":24}},"loc":{"start":{"line":63,"column":6},"end":{"line":63,"column":69}},"line":63},"9":{"name":"(anonymous_9)","decl":{"start":{"line":67,"column":27},"end":{"line":67,"column":28}},"loc":{"start":{"line":67,"column":49},"end":{"line":80,"column":3}},"line":67},"10":{"name":"(anonymous_10)","decl":{"start":{"line":74,"column":16},"end":{"line":74,"column":17}},"loc":{"start":{"line":74,"column":22},"end":{"line":74,"column":68}},"line":74},"11":{"name":"(anonymous_11)","decl":{"start":{"line":74,"column":44},"end":{"line":74,"column":45}},"loc":{"start":{"line":74,"column":52},"end":{"line":74,"column":66}},"line":74},"12":{"name":"(anonymous_12)","decl":{"start":{"line":74,"column":76},"end":{"line":74,"column":77}},"loc":{"start":{"line":74,"column":87},"end":{"line":76,"column":9}},"line":74},"13":{"name":"(anonymous_13)","decl":{"start":{"line":82,"column":37},"end":{"line":82,"column":38}},"loc":{"start":{"line":82,"column":45},"end":{"line":86,"column":3}},"line":82},"14":{"name":"(anonymous_14)","decl":{"start":{"line":98,"column":19},"end":{"line":98,"column":20}},"loc":{"start":{"line":98,"column":25},"end":{"line":98,"column":41}},"line":98},"15":{"name":"(anonymous_15)","decl":{"start":{"line":105,"column":19},"end":{"line":105,"column":20}},"loc":{"start":{"line":105,"column":25},"end":{"line":105,"column":44}},"line":105},"16":{"name":"(anonymous_16)","decl":{"start":{"line":112,"column":19},"end":{"line":112,"column":20}},"loc":{"start":{"line":112,"column":25},"end":{"line":112,"column":47}},"line":112}},"branchMap":{"0":{"loc":{"start":{"line":21,"column":6},"end":{"line":23,"column":7}},"type":"if","locations":[{"start":{"line":21,"column":6},"end":{"line":23,"column":7}},{"start":{},"end":{}}],"line":21},"1":{"loc":{"start":{"line":42,"column":8},"end":{"line":44,"column":9}},"type":"if","locations":[{"start":{"line":42,"column":8},"end":{"line":44,"column":9}},{"start":{},"end":{}}],"line":42},"2":{"loc":{"start":{"line":63,"column":6},"end":{"line":63,"column":69}},"type":"cond-expr","locations":[{"start":{"line":63,"column":23},"end":{"line":63,"column":62}},{"start":{"line":63,"column":65},"end":{"line":63,"column":69}}],"line":63},"3":{"loc":{"start":{"line":83,"column":4},"end":{"line":83,"column":52}},"type":"if","locations":[{"start":{"line":83,"column":4},"end":{"line":83,"column":52}},{"start":{},"end":{}}],"line":83},"4":{"loc":{"start":{"line":84,"column":4},"end":{"line":84,"column":54}},"type":"if","locations":[{"start":{"line":84,"column":4},"end":{"line":84,"column":54}},{"start":{},"end":{}}],"line":84},"5":{"loc":{"start":{"line":97,"column":21},"end":{"line":97,"column":64}},"type":"cond-expr","locations":[{"start":{"line":97,"column":40},"end":{"line":97,"column":59}},{"start":{"line":97,"column":62},"end":{"line":97,"column":64}}],"line":97},"6":{"loc":{"start":{"line":104,"column":21},"end":{"line":104,"column":67}},"type":"cond-expr","locations":[{"start":{"line":104,"column":43},"end":{"line":104,"column":62}},{"start":{"line":104,"column":65},"end":{"line":104,"column":67}}],"line":104},"7":{"loc":{"start":{"line":111,"column":21},"end":{"line":111,"column":70}},"type":"cond-expr","locations":[{"start":{"line":111,"column":46},"end":{"line":111,"column":65}},{"start":{"line":111,"column":68},"end":{"line":111,"column":70}}],"line":111}},"s":{"0":1,"1":16,"2":16,"3":16,"4":4,"5":3,"6":2,"7":1,"8":1,"9":1,"10":3,"11":16,"12":8,"13":8,"14":8,"15":7,"16":0,"17":6,"18":6,"19":3,"20":6,"21":2,"22":8,"23":16,"24":2,"25":2,"26":16,"27":0,"28":0,"29":0,"30":0,"31":0,"32":0,"33":16,"34":5,"35":0,"36":5,"37":0,"38":5,"39":16,"40":0,"41":0,"42":0},"f":{"0":16,"1":4,"2":3,"3":3,"4":8,"5":8,"6":3,"7":2,"8":2,"9":0,"10":0,"11":0,"12":0,"13":5,"14":0,"15":0,"16":0},"b":{"0":[2,1],"1":[0,6],"2":[2,0],"3":[0,5],"4":[0,5],"5":[16,0],"6":[0,16],"7":[0,16]},"_coverageSchema":"1a1c01bbd47fc00a2c39e90264f33305004495a9","hash":"5b05b16338a2627db481e420484f51361fe39865"}
}
