TN:
SF:src/components/TodoForm.tsx
FN:8,(anonymous_0)
FN:11,(anonymous_1)
FN:32,(anonymous_2)
FNF:3
FNH:3
FNDA:33,(anonymous_0)
FNDA:6,(anonymous_1)
FNDA:7,(anonymous_2)
DA:8,2
DA:9,33
DA:11,33
DA:12,6
DA:13,6
DA:14,6
DA:15,6
DA:19,33
DA:32,7
LF:9
LH:9
BRDA:13,0,0,6
BRDA:13,0,1,0
BRF:2
BRH:1
end_of_record
TN:
SF:src/components/TodoItem.tsx
FN:11,(anonymous_0)
FN:18,(anonymous_1)
FN:28,(anonymous_2)
FNF:3
FNH:2
FNDA:10,(anonymous_0)
FNDA:2,(anonymous_1)
FNDA:0,(anonymous_2)
DA:11,3
DA:12,10
DA:18,2
DA:28,0
LF:4
LH:3
BRDA:21,0,0,1
BRDA:21,0,1,9
BRF:2
BRH:2
end_of_record
TN:
SF:src/components/TodoList.tsx
FN:12,(anonymous_0)
FN:18,(anonymous_1)
FN:22,(anonymous_2)
FN:23,(anonymous_3)
FNF:4
FNH:3
FNDA:18,(anonymous_0)
FNDA:8,(anonymous_1)
FNDA:2,(anonymous_2)
FNDA:0,(anonymous_3)
DA:12,2
DA:13,18
DA:19,8
DA:22,2
DA:23,0
LF:5
LH:4
BRDA:15,0,0,13
BRDA:15,0,1,5
BRF:2
BRH:2
end_of_record
TN:
SF:src/models/RawTodoItem.tsx
FN:6,(anonymous_0)
FNF:1
FNH:1
FNDA:9,(anonymous_0)
DA:4,9
DA:7,9
DA:8,9
LF:3
LH:3
BRF:0
BRH:0
end_of_record
TN:
SF:src/pages/HomePage.tsx
FN:7,(anonymous_0)
FN:11,(anonymous_1)
FN:20,(anonymous_2)
FN:27,(anonymous_3)
FN:32,(anonymous_4)
FN:33,(anonymous_5)
FN:49,(anonymous_6)
FN:61,(anonymous_7)
FN:62,(anonymous_8)
FN:67,(anonymous_9)
FN:74,(anonymous_10)
FN:74,(anonymous_11)
FN:74,(anonymous_12)
FN:82,(anonymous_13)
FN:98,(anonymous_14)
FN:105,(anonymous_15)
FN:112,(anonymous_16)
FNF:17
FNH:10
FNDA:16,(anonymous_0)
FNDA:4,(anonymous_1)
FNDA:3,(anonymous_2)
FNDA:3,(anonymous_3)
FNDA:8,(anonymous_4)
FNDA:8,(anonymous_5)
FNDA:3,(anonymous_6)
FNDA:2,(anonymous_7)
FNDA:2,(anonymous_8)
FNDA:0,(anonymous_9)
FNDA:0,(anonymous_10)
FNDA:0,(anonymous_11)
FNDA:0,(anonymous_12)
FNDA:5,(anonymous_13)
FNDA:0,(anonymous_14)
FNDA:0,(anonymous_15)
FNDA:0,(anonymous_16)
DA:7,1
DA:8,16
DA:9,16
DA:11,16
DA:12,4
DA:21,3
DA:22,2
DA:24,1
DA:25,1
DA:26,1
DA:28,3
DA:32,16
DA:33,8
DA:34,8
DA:35,8
DA:42,7
DA:43,0
DA:46,6
DA:48,6
DA:49,3
DA:52,6
DA:54,2
DA:58,8
DA:61,16
DA:62,2
DA:63,2
DA:67,16
DA:68,0
DA:69,0
DA:74,0
DA:75,0
DA:78,0
DA:82,16
DA:83,5
DA:84,5
DA:85,5
DA:89,16
DA:98,0
DA:105,0
DA:112,0
LF:40
LH:31
BRDA:21,0,0,2
BRDA:21,0,1,1
BRDA:42,1,0,0
BRDA:42,1,1,6
BRDA:63,2,0,2
BRDA:63,2,1,0
BRDA:83,3,0,0
BRDA:83,3,1,5
BRDA:84,4,0,0
BRDA:84,4,1,5
BRDA:97,5,0,16
BRDA:97,5,1,0
BRDA:104,6,0,0
BRDA:104,6,1,16
BRDA:111,7,0,0
BRDA:111,7,1,16
BRF:16
BRH:9
end_of_record
